<?xml version="1.0" encoding="UTF-8"?>
<testng-results skipped="0" failed="0" ignored="0" total="1" passed="1">
  <reporter-output>
  </reporter-output>
  <suite name="Suite" duration-ms="9770" started-at="2019-03-21T21:29:32Z" finished-at="2019-03-21T21:29:42Z">
    <groups>
    </groups>
    <test name="Test" duration-ms="9770" started-at="2019-03-21T21:29:32Z" finished-at="2019-03-21T21:29:42Z">
      <class name="jenkinstestngdemo.TestNGDemo">
        <test-method status="PASS" signature="login()[pri:0, instance:jenkinstestngdemo.TestNGDemo@73035e27]" name="login" duration-ms="9699" started-at="2019-03-21T17:29:32Z" finished-at="2019-03-21T17:29:42Z">
          <reporter-output>
          </reporter-output>
        </test-method> <!-- login -->
      </class> <!-- jenkinstestngdemo.TestNGDemo -->
    </test> <!-- Test -->
  </suite> <!-- Suite -->
</testng-results>
